SF:lib/core/database/realm_config.dart
DA:5,1
DA:6,3
DA:7,1
LF:3
LH:3
end_of_record
SF:lib/core/database/realm_database_adapter_impl.dart
DA:7,1
DA:9,1
DA:12,2
DA:14,0
DA:18,1
DA:20,3
DA:21,2
LF:7
LH:6
end_of_record
SF:lib/data/datasources/cep_local_storage_impl.dart
DA:8,1
DA:10,1
DA:13,2
DA:21,0
DA:25,1
DA:28,2
DA:31,0
LF:7
LH:5
end_of_record
SF:lib/data/repositories_impl/cep_repository_impl.dart
DA:11,1
DA:13,1
DA:17,2
DA:21,1
DA:25,2
DA:26,1
DA:28,0
DA:29,0
DA:30,0
DA:31,0
DA:32,0
DA:33,0
DA:34,0
DA:35,0
DA:36,0
DA:37,0
DA:38,0
DA:39,0
DA:40,0
DA:41,0
DA:43,0
DA:44,0
DA:48,2
DA:50,0
LF:24
LH:7
end_of_record
SF:lib/core/network/dio_http_adapter_impl.dart
DA:7,1
DA:9,2
LF:2
LH:2
end_of_record
SF:lib/data/datasources/cep_api_impl.dart
DA:7,1
DA:9,1
DA:12,2
DA:13,1
DA:16,2
DA:18,1
DA:21,0
DA:24,0
LF:8
LH:6
end_of_record
